checksource: improper character \x09 = ^I (tab)
   file "scanner.c": 1587 errors: lines 126, 133--134, 223--225, 
        228--233, 240, 242, 248--249, 251--254, 256--259, 261--265, 
        267--272, 274--278, 283--286, 288, 292--301, 304, 343--343, 
        348--349, 386--387, 389--389, 391--393, 396--397, 399--399, 
        401--403, 441, 443--445, 447, 455--458, 682--708, 779, 787--789, 
        797--799, 802--802, 805--806, 808--808, 810--810, 815--815, 
        817--817, 822--826, 828--829, 831--832, 834--834, 836--837, 
        839--842, 845--845, 847--864, 868--874, 876--876, 880, 883--897, 
        899--900, 902--907, 914, 919, 924, 929, 932, 934--937, 939--941, 
        943--957, 959--968, 970--970, 972--972, 974--981, 983--983, 
        985--985, 987--993, 995--996, 998--1001, 1003--1007, 1009--1020, 
        1022--1024, 1026--1032, 1034--1036, 1038--1038, 1040--1042, 
        1044--1046, 1048--1048, 1050--1055, 1057--1061, 1075--1077, 
        1085--1088, 1090--1092, 1094--1102, 1104--1111, 1113, 
        1115--1116, 1118--1119, 1121--1125, 1127--1130, 1132--1133, 
        1135--1136, 1138--1139, 1141--1143, 1145--1148, 1150--1156, 
        1158--1160, 1162--1162, 1164--1165, 1167--1167, 1169--1170, 
        1172--1174, 1176--1177, 1179--1185, 1187--1193, 1195--1196, 
        1198--1204, 1206--1208, 1210, 1212, 1225--1226, 1229, 
        1231--1232, 1234--1247, 1249, 1255, 1263, 1265, 1267--1280, 
        1282--1282, 1301, 1303, 1305--1313, 1315--1318, 1320--1331, 
        1333--1334, 1336--1336, 1338--1341, 1343--1344, 1346--1346, 
        1348--1348, 1350--1350, 1352--1357, 1359--1361, 1365, 1368, 
        1383, 1385--1385, 1387, 1389--1390, 1404--1407, 1409--1411, 
        1413--1419, 1421--1422, 1424--1429, 1438--1441, 1456, 
        1458--1460, 1462, 1464--1469, 1471, 1473, 1475, 1489--1490, 
        1492--1493, 1495--1496, 1498, 1512, 1514, 1516--1517, 1535, 
        1548--1549, 1551, 1553--1558, 1560, 1562--1563, 1565--1566, 
        1582--1583, 1585, 1587--1594, 1596--1599, 1601--1603, 
        1618--1619, 1621--1624, 1626--1629, 1643, 1645, 1647--1649, 
        1651--1663, 1665, 1667--1668, 1670--1676, 1678--1681, 1694, 
        1696--1700, 1702--1704, 1706--1714, 1716, 1718, 1734, 
        1748--1751, 1753--1757, 1759--1760, 1762, 1764--1766, 
        1768--1771, 1773, 1784--1785, 1795--1797, 1800--1806, 
        1938--1942, 1944--1946, 1965--1967, 1974--1976, 1978, 1984, 
        1989--1996, 2001--2001
checksource: line length > 72 characters
   file "scanner.c": 50 errors: lines 37, 165, 171, 191, 221, 331, 334, 
        343, 407, 442, 446, 449, 558, 676, 681, 715, 855, 861, 966, 997, 
        1090, 1121, 1198, 1200--1201, 1207--1208, 1215, 1228, 1231, 
        1246, 1258, 1264, 1279, 1311, 1374, 1446, 1538--1539, 1647, 
        1658, 1679, 1686, 1723, 1739, 1742, 1746, 1906, 1932, 1948
checksource: TOTAL COMPLAINTS: 1637
