  3 "SNA" "Santa Ana/Orange County/John Wayne" null null
  2 "SMF" "Sacramento Metro" treemap$tree@28d93b30 null
  1 "SJC" "San Jose (CA) International" treemap$tree@1b6d3586 treemap$tree@4554617c
  3 "SFO" "San Francisco International" null null
  2 "SBA" "Santa Barbara Municipal" treemap$tree@74a14482 null
  0 "SAN" "San Diego International/Lindbergh Field" treemap$tree@1540e19d treemap$tree@677327b6
  3 "RNO" "Reno Cannon International" null null
  2 "ONT" "Ontario (CA) International" treemap$tree@14ae5a5 null
  1 "LAX" "Los Angeles International" treemap$tree@7f31245a treemap$tree@6d6f6e28
  3 "LAS" "Las Vegas McCarran International" null null
  2 "BUR" "Burbank/Glendale/Pasadena" treemap$tree@135fbaa4 null
  3 "SNA" "Santa Ana/Orange County/John Wayne" null null
  2 "SMF" "Sacramento Metro" treemap$tree@28d93b30 null
  1 "SJC" "San Jose (CA) International" treemap$tree@1b6d3586 treemap$tree@4554617c
  3 "SFO" "San Francisco International" null null
  2 "SBA" "Santa Barbara Municipal" treemap$tree@74a14482 null
  0 "SAN" "San Diego International/Lindbergh Field" treemap$tree@1540e19d treemap$tree@677327b6
  3 "RNO" "Reno Cannon International" null null
  2 "ONT" "Ontario (CA) International" treemap$tree@14ae5a5 null
  1 "LAX" "Los Angeles International" treemap$tree@7f31245a treemap$tree@6d6f6e28
  3 "LAS" "Las Vegas McCarran International" null null
  2 "BUR" "Burbank/Glendale/Pasadena" treemap$tree@135fbaa4 null
