  7 "YVR" "Vancouver International" null null
  6 "UCA" "Utica/Oneida County" treemap$tree@28d93b30 null
  5 "TYS" "Knoxville McGhee Tyson" treemap$tree@1b6d3586 treemap$tree@4554617c
  6 "TUS" "Tucson International" null null
  4 "TUL" "Tulsa International" treemap$tree@74a14482 treemap$tree@1540e19d
  7 "TPA" "Tampa International" null null
  6 "TOL" "Toledo Express" treemap$tree@677327b6 null
  5 "SYR" "Syracuse Hancock International" treemap$tree@14ae5a5 treemap$tree@7f31245a
  6 "SUX" "Sioux City International" null null
  3 "STL" "St. Louis/Lambert International" treemap$tree@6d6f6e28 treemap$tree@135fbaa4
  7 "SPS" "Wichita Falls" null null
  6 "SNA" "Santa Ana/Orange County/John Wayne" treemap$tree@45ee12a7 null
  5 "SMF" "Sacramento Metro" treemap$tree@330bedb4 treemap$tree@2503dbd3
  6 "SLC" "Salt Lake City International" null null
  4 "SJC" "San Jose (CA) International" treemap$tree@4b67cf4d treemap$tree@7ea987ac
  6 "SGF" "Springfield (MO) Regional" null null
  5 "SFO" "San Francisco International" treemap$tree@12a3a380 treemap$tree@29453f44
  6 "SEA" "Seattle-Tacoma International" null null
  2 "SDF" "Louisville Standiford Field" treemap$tree@5cad8086 treemap$tree@6e0be858
  7 "SBA" "Santa Barbara Municipal" null null
  6 "SAV" "Savannah International" treemap$tree@61bbe9ba null
  5 "SAT" "San Antonio International" treemap$tree@610455d6 treemap$tree@511d50c0
  6 "SAN" "San Diego International/Lindbergh Field" null null
  4 "RSW" "Ft. Meyers Southwest Florida Regional" treemap$tree@60e53b93 treemap$tree@5e2de80c
  6 "ROC" "Rochester International" null null
  5 "RNO" "Reno Cannon International" treemap$tree@1d44bcfa treemap$tree@266474c2
  6 "RIC" "Richmond International/Byrd Field" null null
  3 "RDU" "Raleigh-Durham" treemap$tree@6f94fa3e treemap$tree@5e481248
  7 "PWM" "Portland (ME) International Jetport" null null
  6 "PVD" "Providence Theodore Francis Green State" treemap$tree@66d3c617 null
  5 "PSP" "Palm Springs Municipal" treemap$tree@63947c6b treemap$tree@2b193f2d
  6 "PIT" "Pittsburgh International" null null
  4 "PIE" "St. Petersburg/Clearwater" treemap$tree@355da254 treemap$tree@4dc63996
  6 "PHX" "Phoenix Sky Harbor International" null null
  5 "PHL" "Philadelphia International" treemap$tree@d716361 treemap$tree@6ff3c5b5
  6 "PHF" "Newport News Patrick Henry International" null null
  1 "PDX" "Portland (OR) International" treemap$tree@3764951d treemap$tree@4b1210ee
  7 "PBI" "Palm Beach International" null null
  6 "ORF" "Norfolk International" treemap$tree@4d7e1886 null
  5 "ORD" "Chicago-O'Hare International" treemap$tree@3cd1a2f1 treemap$tree@2f0e140b
  6 "ONT" "Ontario (CA) International" null null
  4 "OMA" "Omaha Eppley Airfield" treemap$tree@7440e464 treemap$tree@49476842
  7 "OLM" "Olympia (WA)" null null
  6 "OKC" "Oklahoma City Will Rogers World" treemap$tree@78308db1 null
  5 "OGG" "Kahului (HI)" treemap$tree@27c170f0 treemap$tree@5451c3a8
  6 "OAK" "Oakland International" null null
  3 "OAJ" "Jacksonville (NC) Albert J. Ellis" treemap$tree@2626b418 treemap$tree@5a07e868
  7 "MSY" "New Orleans International" null null
  6 "MSP" "Minneapolis-St. Paul International" treemap$tree@76ed5528 null
  5 "MSO" "Missoula County" treemap$tree@2c7b84de treemap$tree@3fee733d
  6 "MSN" "Madison (WI) Dane County Regional" null null
  4 "MOB" "Mobile Municipal/Bates Field" treemap$tree@5acf9800 treemap$tree@4617c264
  6 "MLI" "Moline Quad City" null null
  5 "MKE" "Milwaukee General Mitchell International" treemap$tree@36baf30c treemap$tree@7a81197d
  6 "MKC" "Kansas City Downtown" null null
  2 "MIA" "Miami International" treemap$tree@5ca881b5 treemap$tree@24d46ca6
  7 "MHT" "Manchester" null null
  6 "MGM" "Montgomery Municipal/Dannelly Field" treemap$tree@4517d9a3 null
  5 "MEM" "Memphis International" treemap$tree@372f7a8d treemap$tree@2f92e0f4
  6 "MDW" "Chicago Midway" null null
  4 "MDT" "Harrisburg International" treemap$tree@28a418fc treemap$tree@5305068a
  6 "MCO" "Orlando International" null null
  5 "MCI" "Kansas City International" treemap$tree@1f32e575 treemap$tree@279f2327
  6 "MBS" "Saginaw Tri-City" null null
  3 "LNK" "Lincoln Municipal" treemap$tree@2ff4acd0 treemap$tree@54bedef2
  7 "LIT" "Little Rock Regional" null null
  6 "LIH" "Lihue (HI)" treemap$tree@5caf905d null
  5 "LGB" "Long Beach Daugherty Field" treemap$tree@27716f4 treemap$tree@8efb846
  6 "LGA" "New York La Guardia" null null
  4 "LAX" "Los Angeles International" treemap$tree@2a84aee7 treemap$tree@a09ee92
  6 "LAS" "Las Vegas McCarran International" null null
  5 "LAN" "Lansing Capital City" treemap$tree@30f39991 treemap$tree@452b3a41
  6 "KOA" "Kailua-Kona Keahole (HI)" null null
  0 "JNU" "Juneau International" treemap$tree@4a574795 treemap$tree@f6f4d33
  7 "JFK" "New York John F. Kennedy International" null null
  6 "JAX" "Jacksonville (FL) International" treemap$tree@23fc625e null
  5 "JAN" "Jackson Municipal/Thompson Field" treemap$tree@3f99bd52 treemap$tree@4f023edb
  6 "ITO" "Hilo General Lyman Field" null null
  4 "ITH" "Ithaca Tompkins County" treemap$tree@3a71f4dd treemap$tree@7adf9f5f
  7 "INT" "Winston-Salem Smith Reynolds" null null
  6 "IND" "Indianapolis International" treemap$tree@85ede7b null
  5 "ILG" "Wilmington/New Castle County" treemap$tree@5674cd4d treemap$tree@63961c42
  6 "ICT" "Wichita Mid-Continent" null null
  3 "IAH" "Houston Intercontinental" treemap$tree@65b54208 treemap$tree@1be6f5c3
  7 "IAD" "Washington Dulles" null null
  6 "HVN" "New Haven Tweed" treemap$tree@6b884d57 null
  5 "HUF" "Terre Haute Hulman Regional" treemap$tree@38af3868 treemap$tree@77459877
  6 "HPN" "White Plains/Westchester County" null null
  4 "HOU" "Houston William P. Hobby" treemap$tree@5b2133b1 treemap$tree@72ea2f77
  6 "HOT" "Hot Springs Memorial Field" null null
  5 "HNL" "Honolulu International" treemap$tree@33c7353a treemap$tree@681a9515
  6 "GSO" "Greensboro-High Pt.-Winston Salem Regional" null null
  2 "GRR" "Grand Rapids/Kent County International" treemap$tree@3af49f1c treemap$tree@19469ea2
  7 "GEG" "Spokane International" null null
  6 "FWA" "Ft. Wayne Allen County" treemap$tree@13221655 null
  5 "FSD" "Sioux Falls Regional" treemap$tree@2f2c9b19 treemap$tree@31befd9f
  6 "FOE" "Topeka Forbes Field" null null
  4 "FLL" "Ft. Lauderdale-Hollywood International" treemap$tree@1c20c684 treemap$tree@1fb3ebeb
  6 "FAT" "Fresno Air Terminal" null null
  5 "FAR" "Fargo Hector International" treemap$tree@548c4f57 treemap$tree@1218025c
  6 "FAI" "Fairbanks International" null null
  3 "EYW" "Key West International" treemap$tree@816f27d treemap$tree@87aac27
  7 "EWR" "Newark International" null null
  6 "ELP" "El Paso International" treemap$tree@3e3abc88 null
  5 "DTW" "Detroit Metropolitan/Wayne County" treemap$tree@6ce253f1 treemap$tree@53d8d10a
  6 "DSM" "Des Moines International" null null
  4 "DFW" "Dallas-Ft. Worth International" treemap$tree@e9e54c2 treemap$tree@65ab7765
  6 "DET" "Detroit City" null null
  5 "DEN" "Denver Stapleton International" treemap$tree@1b28cdfa treemap$tree@eed1f14
  6 "DCA" "Washington National" null null
  1 "DAY" "Dayton James M. Cox International" treemap$tree@7229724f treemap$tree@4c873330
  7 "DAL" "Dallas Love Field" null null
  6 "CYS" "Cheyenne" treemap$tree@119d7047 null
  5 "CVG" "Cincinnati International" treemap$tree@776ec8df treemap$tree@4eec7777
  6 "CRP" "Corpus Christi International" null null
  4 "CRM" "Charleston (WV) Yeager" treemap$tree@3b07d329 treemap$tree@41629346
  7 "CPR" "Casper/Natrone County International" null null
  6 "CMH" "Columbus (OH) International" treemap$tree@404b9385 null
  5 "CLT" "Charlotte/Douglas International" treemap$tree@6d311334 treemap$tree@682a0b20
  6 "CLE" "Cleveland-Hopkins International" null null
  3 "CHS" "Charleston (SC) International" treemap$tree@3d075dc0 treemap$tree@214c265e
  7 "CGX" "Chicago Merrill C. Meigs Field" null null
  6 "CAK" "Akron/Canton Regional" treemap$tree@448139f0 null
  5 "CAE" "Columbia (SC) Metropolitan" treemap$tree@7cca494b treemap$tree@7ba4f24f
  6 "BWI" "Baltimore-Washington International" null null
  4 "BUR" "Burbank/Glendale/Pasadena" treemap$tree@3b9a45b3 treemap$tree@7699a589
  6 "BUF" "Buffalo International" null null
  5 "BTV" "Burlington International" treemap$tree@58372a00 treemap$tree@4dd8dc3
  6 "BTR" "Baton Rouge" null null
  2 "BOS" "Boston Logan International" treemap$tree@6d03e736 treemap$tree@568db2f2
  7 "BOI" "Boise Air Terminal/Gowen Field" null null
  6 "BNA" "Nashville Metro" treemap$tree@378bf509 null
  5 "BKL" "Cleveland Lakefront" treemap$tree@5fd0d5ae treemap$tree@2d98a335
  6 "BIS" "Bismarck Municipal" null null
  4 "BIL" "Billings Logan International" treemap$tree@16b98e56 treemap$tree@7ef20235
  6 "BHM" "Birmingham Municipal" null null
  5 "BGR" "Bangor International" treemap$tree@27d6c5e0 treemap$tree@4f3f5b24
  6 "BFI" "Seattle Kings County International/Boeing Field" null null
  3 "BDL" "Hartford/Springfield Bradley International" treemap$tree@15aeb7ab treemap$tree@7b23ec81
  7 "AVL" "Asheville (NC) Regional" null null
  6 "AUS" "Austin Robert Mueller Municipal" treemap$tree@6acbcfc0 null
  5 "ATL" "Atlanta William B. Hartsfield International" treemap$tree@5f184fc6 treemap$tree@3feba861
  6 "ANC" "Anchorage International" null null
  4 "AIY" "Atlantic City International" treemap$tree@5b480cf9 treemap$tree@6f496d9f
  6 "AGC" "Pittsburgh/Allegheny County" null null
  5 "ABQ" "Albuquerque International" treemap$tree@723279cf treemap$tree@10f87f48
  6 "ABE" "Allentown-Bethlehem-Easton International" null null
  7 "YVR" "Vancouver International" null null
  6 "UCA" "Utica/Oneida County" treemap$tree@28d93b30 null
  5 "TYS" "Knoxville McGhee Tyson" treemap$tree@1b6d3586 treemap$tree@4554617c
  6 "TUS" "Tucson International" null null
  4 "TUL" "Tulsa International" treemap$tree@74a14482 treemap$tree@1540e19d
  7 "TPA" "Tampa International" null null
  6 "TOL" "Toledo Express" treemap$tree@677327b6 null
  5 "SYR" "Syracuse Hancock International" treemap$tree@14ae5a5 treemap$tree@7f31245a
  6 "SUX" "Sioux City International" null null
  3 "STL" "St. Louis/Lambert International" treemap$tree@6d6f6e28 treemap$tree@135fbaa4
  7 "SPS" "Wichita Falls" null null
  6 "SNA" "Santa Ana/Orange County/John Wayne" treemap$tree@45ee12a7 null
  5 "SMF" "Sacramento Metro" treemap$tree@330bedb4 treemap$tree@2503dbd3
  6 "SLC" "Salt Lake City International" null null
  4 "SJC" "San Jose (CA) International" treemap$tree@4b67cf4d treemap$tree@7ea987ac
  6 "SGF" "Springfield (MO) Regional" null null
  5 "SFO" "San Francisco International" treemap$tree@12a3a380 treemap$tree@29453f44
  6 "SEA" "Seattle-Tacoma International" null null
  2 "SDF" "Louisville Standiford Field" treemap$tree@5cad8086 treemap$tree@6e0be858
  7 "SBA" "Santa Barbara Municipal" null null
  6 "SAV" "Savannah International" treemap$tree@61bbe9ba null
  5 "SAT" "San Antonio International" treemap$tree@610455d6 treemap$tree@511d50c0
  6 "SAN" "San Diego International/Lindbergh Field" null null
  4 "RSW" "Ft. Meyers Southwest Florida Regional" treemap$tree@60e53b93 treemap$tree@5e2de80c
  6 "ROC" "Rochester International" null null
  5 "RNO" "Reno Cannon International" treemap$tree@1d44bcfa treemap$tree@266474c2
  6 "RIC" "Richmond International/Byrd Field" null null
  3 "RDU" "Raleigh-Durham" treemap$tree@6f94fa3e treemap$tree@5e481248
  7 "PWM" "Portland (ME) International Jetport" null null
  6 "PVD" "Providence Theodore Francis Green State" treemap$tree@66d3c617 null
  5 "PSP" "Palm Springs Municipal" treemap$tree@63947c6b treemap$tree@2b193f2d
  6 "PIT" "Pittsburgh International" null null
  4 "PIE" "St. Petersburg/Clearwater" treemap$tree@355da254 treemap$tree@4dc63996
  6 "PHX" "Phoenix Sky Harbor International" null null
  5 "PHL" "Philadelphia International" treemap$tree@d716361 treemap$tree@6ff3c5b5
  6 "PHF" "Newport News Patrick Henry International" null null
  1 "PDX" "Portland (OR) International" treemap$tree@3764951d treemap$tree@4b1210ee
  7 "PBI" "Palm Beach International" null null
  6 "ORF" "Norfolk International" treemap$tree@4d7e1886 null
  5 "ORD" "Chicago-O'Hare International" treemap$tree@3cd1a2f1 treemap$tree@2f0e140b
  6 "ONT" "Ontario (CA) International" null null
  4 "OMA" "Omaha Eppley Airfield" treemap$tree@7440e464 treemap$tree@49476842
  7 "OLM" "Olympia (WA)" null null
  6 "OKC" "Oklahoma City Will Rogers World" treemap$tree@78308db1 null
  5 "OGG" "Kahului (HI)" treemap$tree@27c170f0 treemap$tree@5451c3a8
  6 "OAK" "Oakland International" null null
  3 "OAJ" "Jacksonville (NC) Albert J. Ellis" treemap$tree@2626b418 treemap$tree@5a07e868
  7 "MSY" "New Orleans International" null null
  6 "MSP" "Minneapolis-St. Paul International" treemap$tree@76ed5528 null
  5 "MSO" "Missoula County" treemap$tree@2c7b84de treemap$tree@3fee733d
  6 "MSN" "Madison (WI) Dane County Regional" null null
  4 "MOB" "Mobile Municipal/Bates Field" treemap$tree@5acf9800 treemap$tree@4617c264
  6 "MLI" "Moline Quad City" null null
  5 "MKE" "Milwaukee General Mitchell International" treemap$tree@36baf30c treemap$tree@7a81197d
  6 "MKC" "Kansas City Downtown" null null
  2 "MIA" "Miami International" treemap$tree@5ca881b5 treemap$tree@24d46ca6
  7 "MHT" "Manchester" null null
  6 "MGM" "Montgomery Municipal/Dannelly Field" treemap$tree@4517d9a3 null
  5 "MEM" "Memphis International" treemap$tree@372f7a8d treemap$tree@2f92e0f4
  6 "MDW" "Chicago Midway" null null
  4 "MDT" "Harrisburg International" treemap$tree@28a418fc treemap$tree@5305068a
  6 "MCO" "Orlando International" null null
  5 "MCI" "Kansas City International" treemap$tree@1f32e575 treemap$tree@279f2327
  6 "MBS" "Saginaw Tri-City" null null
  3 "LNK" "Lincoln Municipal" treemap$tree@2ff4acd0 treemap$tree@54bedef2
  7 "LIT" "Little Rock Regional" null null
  6 "LIH" "Lihue (HI)" treemap$tree@5caf905d null
  5 "LGB" "Long Beach Daugherty Field" treemap$tree@27716f4 treemap$tree@8efb846
  6 "LGA" "New York La Guardia" null null
  4 "LAX" "Los Angeles International" treemap$tree@2a84aee7 treemap$tree@a09ee92
  6 "LAS" "Las Vegas McCarran International" null null
  5 "LAN" "Lansing Capital City" treemap$tree@30f39991 treemap$tree@452b3a41
  6 "KOA" "Kailua-Kona Keahole (HI)" null null
  0 "JNU" "Juneau International" treemap$tree@4a574795 treemap$tree@f6f4d33
  7 "JFK" "New York John F. Kennedy International" null null
  6 "JAX" "Jacksonville (FL) International" treemap$tree@23fc625e null
  5 "JAN" "Jackson Municipal/Thompson Field" treemap$tree@3f99bd52 treemap$tree@4f023edb
  6 "ITO" "Hilo General Lyman Field" null null
  4 "ITH" "Ithaca Tompkins County" treemap$tree@3a71f4dd treemap$tree@7adf9f5f
  7 "INT" "Winston-Salem Smith Reynolds" null null
  6 "IND" "Indianapolis International" treemap$tree@85ede7b null
  5 "ILG" "Wilmington/New Castle County" treemap$tree@5674cd4d treemap$tree@63961c42
  6 "ICT" "Wichita Mid-Continent" null null
  3 "IAH" "Houston Intercontinental" treemap$tree@65b54208 treemap$tree@1be6f5c3
  7 "IAD" "Washington Dulles" null null
  6 "HVN" "New Haven Tweed" treemap$tree@6b884d57 null
  5 "HUF" "Terre Haute Hulman Regional" treemap$tree@38af3868 treemap$tree@77459877
  6 "HPN" "White Plains/Westchester County" null null
  4 "HOU" "Houston William P. Hobby" treemap$tree@5b2133b1 treemap$tree@72ea2f77
  6 "HOT" "Hot Springs Memorial Field" null null
  5 "HNL" "Honolulu International" treemap$tree@33c7353a treemap$tree@681a9515
  6 "GSO" "Greensboro-High Pt.-Winston Salem Regional" null null
  2 "GRR" "Grand Rapids/Kent County International" treemap$tree@3af49f1c treemap$tree@19469ea2
  7 "GEG" "Spokane International" null null
  6 "FWA" "Ft. Wayne Allen County" treemap$tree@13221655 null
  5 "FSD" "Sioux Falls Regional" treemap$tree@2f2c9b19 treemap$tree@31befd9f
  6 "FOE" "Topeka Forbes Field" null null
  4 "FLL" "Ft. Lauderdale-Hollywood International" treemap$tree@1c20c684 treemap$tree@1fb3ebeb
  6 "FAT" "Fresno Air Terminal" null null
  5 "FAR" "Fargo Hector International" treemap$tree@548c4f57 treemap$tree@1218025c
  6 "FAI" "Fairbanks International" null null
  3 "EYW" "Key West International" treemap$tree@816f27d treemap$tree@87aac27
  7 "EWR" "Newark International" null null
  6 "ELP" "El Paso International" treemap$tree@3e3abc88 null
  5 "DTW" "Detroit Metropolitan/Wayne County" treemap$tree@6ce253f1 treemap$tree@53d8d10a
  6 "DSM" "Des Moines International" null null
  4 "DFW" "Dallas-Ft. Worth International" treemap$tree@e9e54c2 treemap$tree@65ab7765
  6 "DET" "Detroit City" null null
  5 "DEN" "Denver Stapleton International" treemap$tree@1b28cdfa treemap$tree@eed1f14
  6 "DCA" "Washington National" null null
  1 "DAY" "Dayton James M. Cox International" treemap$tree@7229724f treemap$tree@4c873330
  7 "DAL" "Dallas Love Field" null null
  6 "CYS" "Cheyenne" treemap$tree@119d7047 null
  5 "CVG" "Cincinnati International" treemap$tree@776ec8df treemap$tree@4eec7777
  6 "CRP" "Corpus Christi International" null null
  4 "CRM" "Charleston (WV) Yeager" treemap$tree@3b07d329 treemap$tree@41629346
  7 "CPR" "Casper/Natrone County International" null null
  6 "CMH" "Columbus (OH) International" treemap$tree@404b9385 null
  5 "CLT" "Charlotte/Douglas International" treemap$tree@6d311334 treemap$tree@682a0b20
  6 "CLE" "Cleveland-Hopkins International" null null
  3 "CHS" "Charleston (SC) International" treemap$tree@3d075dc0 treemap$tree@214c265e
  7 "CGX" "Chicago Merrill C. Meigs Field" null null
  6 "CAK" "Akron/Canton Regional" treemap$tree@448139f0 null
  5 "CAE" "Columbia (SC) Metropolitan" treemap$tree@7cca494b treemap$tree@7ba4f24f
  6 "BWI" "Baltimore-Washington International" null null
  4 "BUR" "Burbank/Glendale/Pasadena" treemap$tree@3b9a45b3 treemap$tree@7699a589
  6 "BUF" "Buffalo International" null null
  5 "BTV" "Burlington International" treemap$tree@58372a00 treemap$tree@4dd8dc3
  6 "BTR" "Baton Rouge" null null
  2 "BOS" "Boston Logan International" treemap$tree@6d03e736 treemap$tree@568db2f2
  7 "BOI" "Boise Air Terminal/Gowen Field" null null
  6 "BNA" "Nashville Metro" treemap$tree@378bf509 null
  5 "BKL" "Cleveland Lakefront" treemap$tree@5fd0d5ae treemap$tree@2d98a335
  6 "BIS" "Bismarck Municipal" null null
  4 "BIL" "Billings Logan International" treemap$tree@16b98e56 treemap$tree@7ef20235
  6 "BHM" "Birmingham Municipal" null null
  5 "BGR" "Bangor International" treemap$tree@27d6c5e0 treemap$tree@4f3f5b24
  6 "BFI" "Seattle Kings County International/Boeing Field" null null
  3 "BDL" "Hartford/Springfield Bradley International" treemap$tree@15aeb7ab treemap$tree@7b23ec81
  7 "AVL" "Asheville (NC) Regional" null null
  6 "AUS" "Austin Robert Mueller Municipal" treemap$tree@6acbcfc0 null
  5 "ATL" "Atlanta William B. Hartsfield International" treemap$tree@5f184fc6 treemap$tree@3feba861
  6 "ANC" "Anchorage International" null null
  4 "AIY" "Atlantic City International" treemap$tree@5b480cf9 treemap$tree@6f496d9f
  6 "AGC" "Pittsburgh/Allegheny County" null null
  5 "ABQ" "Albuquerque International" treemap$tree@723279cf treemap$tree@10f87f48
  6 "ABE" "Allentown-Bethlehem-Easton International" null null
