==25452== Memcheck, a memory error detector
==25452== Copyright (C) 2002-2013, and GNU GPL'd, by Julian Seward et al.
==25452== Using Valgrind-3.10.1 and LibVEX; rerun with -h for copyright info
==25452== Command: catqueue
==25452== 
return NULL
item = "$Id: test1.data,v 1.1 2012-02-14 20:32:33-08 - - $"
item = "Test data 1 line 1."
item = "Test data 1 line 2."
item = "Test data 1 line 3."
==25452== Invalid read of size 8
==25452==    at 0x400D91: isempty_queue (queue.c:44)
==25452==    by 0x400C7D: main (main.c:67)
==25452==  Address 0x0 is not stack'd, malloc'd or (recently) free'd
==25452== 
==25452== 
==25452== Process terminating with default action of signal 11 (SIGSEGV)
==25452==  Access not within mapped region at address 0x0
==25452==    at 0x400D91: isempty_queue (queue.c:44)
==25452==    by 0x400C7D: main (main.c:67)
==25452==  If you believe this happened as a result of a stack
==25452==  overflow in your program's main thread (unlikely but
==25452==  possible), you can try to increase the size of the
==25452==  main thread stack using the --main-stacksize= flag.
==25452==  The main thread stack size used in this run was 8388608.
==25452== 
==25452== HEAP SUMMARY:
==25452==     in use at exit: 111 bytes in 4 blocks
==25452==   total heap usage: 4 allocs, 0 frees, 111 bytes allocated
==25452== 
==25452== 111 bytes in 4 blocks are definitely lost in loss record 1 of 1
==25452==    at 0x4C29BBD: malloc (in /opt/rh/devtoolset-3/root/usr/lib64/valgrind/vgpreload_memcheck-amd64-linux.so)
==25452==    by 0x4EBB059: strdup (in /usr/lib64/libc-2.17.so)
==25452==    by 0x400A99: putinqueue (main.c:30)
==25452==    by 0x400BD6: main (main.c:56)
==25452== 
==25452== LEAK SUMMARY:
==25452==    definitely lost: 111 bytes in 4 blocks
==25452==    indirectly lost: 0 bytes in 0 blocks
==25452==      possibly lost: 0 bytes in 0 blocks
==25452==    still reachable: 0 bytes in 0 blocks
==25452==         suppressed: 0 bytes in 0 blocks
==25452== 
==25452== For counts of detected and suppressed errors, rerun with: -v
==25452== ERROR SUMMARY: 2 errors from 2 contexts (suppressed: 1 from 1)
